<?xml version="1.0" encoding="utf-8"?>
<TestRun id="4f96853a-752d-44b3-90c4-7c04d56fa3b5" name="@pop-os 2022-05-25 21:59:44" xmlns="http://microsoft.com/schemas/VisualStudio/TeamTest/2010">
  <Times creation="2022-05-25T21:59:44.4779699+02:00" queuing="2022-05-25T21:59:44.4779702+02:00" start="2022-05-25T21:59:43.7957163+02:00" finish="2022-05-25T21:59:44.4855615+02:00" />
  <TestSettings name="default" id="a291fbb9-d1d6-49e4-83f9-b57468fa60bc">
    <Deployment runDeploymentRoot="_pop-os_2022-05-25_21_59_44" />
  </TestSettings>
  <Results>
    <UnitTestResult executionId="e6dab61b-4cdb-478b-bd5c-77639231850c" testId="f6ce3c4e-5b70-7e11-7dd5-c6ef0dedcd0b" testName="q42" computerName="pop-os" duration="00:00:00.0072570" startTime="2022-05-25T21:59:44.3393162+02:00" endTime="2022-05-25T21:59:44.3464895+02:00" testType="13cdc9d9-ddb5-4fa4-a97d-d965ccfc6d4b" outcome="Passed" testListId="8c84fa94-04c1-424b-9868-57a2d4851a1d" relativeResultsDirectory="e6dab61b-4cdb-478b-bd5c-77639231850c" />
  </Results>
  <TestDefinitions>
    <UnitTest name="q42" storage="/home/goose/documents/uni/semester-4/bfup/exercises/exams/2019-08-13/exam.tests/bin/debug/net6.0/exam.tests.dll" id="f6ce3c4e-5b70-7e11-7dd5-c6ef0dedcd0b">
      <Execution id="e6dab61b-4cdb-478b-bd5c-77639231850c" />
      <TestMethod codeBase="/home/goose/Documents/Uni/semester-4/bfup/exercises/Exams/2019-08-13/Exam.Tests/bin/Debug/net6.0/Exam.Tests.dll" adapterTypeName="executor://nunit3testexecutor/" className="Exam.Tests.Second" name="q42" />
    </UnitTest>
  </TestDefinitions>
  <TestEntries>
    <TestEntry testId="f6ce3c4e-5b70-7e11-7dd5-c6ef0dedcd0b" executionId="e6dab61b-4cdb-478b-bd5c-77639231850c" testListId="8c84fa94-04c1-424b-9868-57a2d4851a1d" />
  </TestEntries>
  <TestLists>
    <TestList name="Results Not in a List" id="8c84fa94-04c1-424b-9868-57a2d4851a1d" />
    <TestList name="All Loaded Results" id="19431567-8539-422a-85d7-44ee4e166bda" />
  </TestLists>
  <ResultSummary outcome="Completed">
    <Counters total="1" executed="1" passed="1" failed="0" error="0" timeout="0" aborted="0" inconclusive="0" passedButRunAborted="0" notRunnable="0" notExecuted="0" disconnected="0" warning="0" completed="0" inProgress="0" pending="0" />
    <Output>
      <StdOut>NUnit Adapter 4.0.0.0: Test execution started
Running selected tests in /home/goose/Documents/Uni/semester-4/bfup/exercises/Exams/2019-08-13/Exam.Tests/bin/Debug/net6.0/Exam.Tests.dll
   NUnit3TestExecutor discovered 1 of 1 NUnit test cases using Current Discovery mode, Non-Explicit run
NUnit Adapter 4.0.0.0: Test execution complete
</StdOut>
    </Output>
  </ResultSummary>
</TestRun>